<?xml version="1.0" encoding="UTF-8"?>
<!-- Generated by org.testng.reporters.JUnitXMLReporter -->
<testsuite ignored="0" hostname="SHAIK" failures="0" tests="4" name="Default test" time="46.639" errors="0" timestamp="2023-01-23T11:19:57 IST">
  <testcase classname="Myntra.com.myntra.HomepageTest" name="test" time="0.019"/>
  <testcase classname="Myntra.com.myntra.HomepageTest" name="testhomepagetitle" time="0.081"/>
  <testcase classname="Myntra.com.myntra.HomepageTest" name="testdosearchmen" time="8.918"/>
  <testcase classname="Myntra.com.myntra.HomepageTest" name="testdosearchshirts" time="10.542"/>
</testsuite> <!-- Default test -->
